<?xml version="1.0" encoding="UTF-8"?>
<testsuite name="ru.stqa.pft.sandbox.S2Test" tests="1" skipped="0" failures="0" errors="0" timestamp="2022-04-10T14:45:27" hostname="LAPTOP-IJDU3H6H" time="0.008">
  <properties/>
  <testcase name="testArea" classname="ru.stqa.pft.sandbox.S2Test" time="0.008"/>
  <system-out><![CDATA[]]></system-out>
  <system-err><![CDATA[]]></system-err>
</testsuite>
